{"uuid":"32729f07-3807-40ee-bfbc-dafdde3fa5f2","historyId":"269d30cdde7e8e7cf73c8f9c1c5edbd","fullName":"org.example.Popular.test3","labels":[{"name":"package","value":"org.example.Popular"},{"name":"testClass","value":"org.example.Popular"},{"name":"testMethod","value":"test3"},{"name":"parentSuite","value":"Default Suite"},{"name":"suite","value":"kinopoisk1 копия"},{"name":"subSuite","value":"org.example.Popular"},{"name":"host","value":"DESKTOP-JC201A1"},{"name":"thread","value":"7856@DESKTOP-JC201A1.main(1)"},{"name":"framework","value":"testng"},{"name":"language","value":"java"}],"links":[],"name":"test3","status":"failed","statusDetails":{"known":false,"muted":false,"flaky":false,"message":"expected [#f60] but found [rgba(255, 102, 0, 1)]","trace":"java.lang.AssertionError: expected [#f60] but found [rgba(255, 102, 0, 1)]\r\n\tat org.testng.Assert.fail(Assert.java:94)\r\n\tat org.testng.Assert.failNotEquals(Assert.java:496)\r\n\tat org.testng.Assert.assertEquals(Assert.java:125)\r\n\tat org.testng.Assert.assertEquals(Assert.java:178)\r\n\tat org.testng.Assert.assertEquals(Assert.java:188)\r\n\tat PageObject.PopularPage.colourNewsNumber(PopularPage.java:63)\r\n\tat org.example.Popular.test3(Popular.java:36)\r\n\tat sun.reflect.NativeMethodAccessorImpl.invoke0(Native Method)\r\n\tat sun.reflect.NativeMethodAccessorImpl.invoke(NativeMethodAccessorImpl.java:62)\r\n\tat sun.reflect.DelegatingMethodAccessorImpl.invoke(DelegatingMethodAccessorImpl.java:43)\r\n\tat java.lang.reflect.Method.invoke(Method.java:498)\r\n\tat org.testng.internal.MethodInvocationHelper.invokeMethod(MethodInvocationHelper.java:85)\r\n\tat org.testng.internal.Invoker.invokeMethod(Invoker.java:639)\r\n\tat org.testng.internal.Invoker.invokeTestMethod(Invoker.java:816)\r\n\tat org.testng.internal.Invoker.invokeTestMethods(Invoker.java:1124)\r\n\tat org.testng.internal.TestMethodWorker.invokeTestMethods(TestMethodWorker.java:125)\r\n\tat org.testng.internal.TestMethodWorker.run(TestMethodWorker.java:108)\r\n\tat org.testng.TestRunner.privateRun(TestRunner.java:774)\r\n\tat org.testng.TestRunner.run(TestRunner.java:624)\r\n\tat org.testng.SuiteRunner.runTest(SuiteRunner.java:359)\r\n\tat org.testng.SuiteRunner.runSequentially(SuiteRunner.java:354)\r\n\tat org.testng.SuiteRunner.privateRun(SuiteRunner.java:312)\r\n\tat org.testng.SuiteRunner.run(SuiteRunner.java:261)\r\n\tat org.testng.SuiteRunnerWorker.runSuite(SuiteRunnerWorker.java:52)\r\n\tat org.testng.SuiteRunnerWorker.run(SuiteRunnerWorker.java:86)\r\n\tat org.testng.TestNG.runSuitesSequentially(TestNG.java:1191)\r\n\tat org.testng.TestNG.runSuitesLocally(TestNG.java:1116)\r\n\tat org.testng.TestNG.run(TestNG.java:1024)\r\n\tat com.intellij.rt.testng.IDEARemoteTestNG.run(IDEARemoteTestNG.java:66)\r\n\tat com.intellij.rt.testng.RemoteTestNGStarter.main(RemoteTestNGStarter.java:109)\r\n"},"stage":"finished","description":"Отображается название у фильма","steps":[{"name":"Текст блока – «Билеты в кино»","status":"failed","statusDetails":{"known":false,"muted":false,"flaky":false,"message":"expected [#f60] but found [rgba(255, 102, 0, 1)]","trace":"java.lang.AssertionError: expected [#f60] but found [rgba(255, 102, 0, 1)]\r\n\tat org.testng.Assert.fail(Assert.java:94)\r\n\tat org.testng.Assert.failNotEquals(Assert.java:496)\r\n\tat org.testng.Assert.assertEquals(Assert.java:125)\r\n\tat org.testng.Assert.assertEquals(Assert.java:178)\r\n\tat org.testng.Assert.assertEquals(Assert.java:188)\r\n\tat PageObject.PopularPage.colourNewsNumber(PopularPage.java:63)\r\n\tat org.example.Popular.test3(Popular.java:36)\r\n\tat sun.reflect.NativeMethodAccessorImpl.invoke0(Native Method)\r\n\tat sun.reflect.NativeMethodAccessorImpl.invoke(NativeMethodAccessorImpl.java:62)\r\n\tat sun.reflect.DelegatingMethodAccessorImpl.invoke(DelegatingMethodAccessorImpl.java:43)\r\n\tat java.lang.reflect.Method.invoke(Method.java:498)\r\n\tat org.testng.internal.MethodInvocationHelper.invokeMethod(MethodInvocationHelper.java:85)\r\n\tat org.testng.internal.Invoker.invokeMethod(Invoker.java:639)\r\n\tat org.testng.internal.Invoker.invokeTestMethod(Invoker.java:816)\r\n\tat org.testng.internal.Invoker.invokeTestMethods(Invoker.java:1124)\r\n\tat org.testng.internal.TestMethodWorker.invokeTestMethods(TestMethodWorker.java:125)\r\n\tat org.testng.internal.TestMethodWorker.run(TestMethodWorker.java:108)\r\n\tat org.testng.TestRunner.privateRun(TestRunner.java:774)\r\n\tat org.testng.TestRunner.run(TestRunner.java:624)\r\n\tat org.testng.SuiteRunner.runTest(SuiteRunner.java:359)\r\n\tat org.testng.SuiteRunner.runSequentially(SuiteRunner.java:354)\r\n\tat org.testng.SuiteRunner.privateRun(SuiteRunner.java:312)\r\n\tat org.testng.SuiteRunner.run(SuiteRunner.java:261)\r\n\tat org.testng.SuiteRunnerWorker.runSuite(SuiteRunnerWorker.java:52)\r\n\tat org.testng.SuiteRunnerWorker.run(SuiteRunnerWorker.java:86)\r\n\tat org.testng.TestNG.runSuitesSequentially(TestNG.java:1191)\r\n\tat org.testng.TestNG.runSuitesLocally(TestNG.java:1116)\r\n\tat org.testng.TestNG.run(TestNG.java:1024)\r\n\tat com.intellij.rt.testng.IDEARemoteTestNG.run(IDEARemoteTestNG.java:66)\r\n\tat com.intellij.rt.testng.RemoteTestNGStarter.main(RemoteTestNGStarter.java:109)\r\n"},"stage":"finished","steps":[],"attachments":[],"parameters":[],"start":1656509698873,"stop":1656509701321}],"attachments":[],"parameters":[],"start":1656509698872,"stop":1656509701326}