{"uuid":"c1b4b87b-8b7d-474e-8232-5698f45c4a00","historyId":"196d9ba7e145555b86d37dcde2e414fd","fullName":"org.example.Popular.test4","labels":[{"name":"package","value":"org.example.Popular"},{"name":"testClass","value":"org.example.Popular"},{"name":"testMethod","value":"test4"},{"name":"parentSuite","value":"Default Suite"},{"name":"suite","value":"kinopoisk1 копия"},{"name":"subSuite","value":"org.example.Popular"},{"name":"host","value":"DESKTOP-JC201A1"},{"name":"thread","value":"15980@DESKTOP-JC201A1.main(1)"},{"name":"framework","value":"testng"},{"name":"language","value":"java"}],"links":[],"name":"test4","status":"broken","statusDetails":{"known":false,"muted":false,"flaky":false,"message":"No webdriver is bound to current thread: 1. You need to call open(url) first.","trace":"java.lang.IllegalStateException: No webdriver is bound to current thread: 1. You need to call open(url) first.\r\n\tat com.codeborne.selenide.impl.WebDriverThreadLocalContainer.getWebDriver(WebDriverThreadLocalContainer.java:138)\r\n\tat com.codeborne.selenide.WebDriverRunner.getWebDriver(WebDriverRunner.java:112)\r\n\tat com.codeborne.selenide.impl.StaticDriver.getWebDriver(StaticDriver.java:51)\r\n\tat com.codeborne.selenide.impl.WebElementSelector.findElement(WebElementSelector.java:40)\r\n\tat com.codeborne.selenide.impl.WebElementSelector.findElement(WebElementSelector.java:33)\r\n\tat com.codeborne.selenide.impl.ElementFinder.getWebElement(ElementFinder.java:102)\r\n\tat com.codeborne.selenide.impl.SelenideElementProxy.dispatchAndRetry(SelenideElementProxy.java:132)\r\n\tat com.codeborne.selenide.impl.SelenideElementProxy.invoke(SelenideElementProxy.java:81)\r\n\tat com.sun.proxy.$Proxy8.getSize(Unknown Source)\r\n\tat PageObject.PopularPage.getSize(PopularPage.java:69)\r\n\tat org.example.Popular.test4(Popular.java:34)\r\n\tat sun.reflect.NativeMethodAccessorImpl.invoke0(Native Method)\r\n\tat sun.reflect.NativeMethodAccessorImpl.invoke(NativeMethodAccessorImpl.java:62)\r\n\tat sun.reflect.DelegatingMethodAccessorImpl.invoke(DelegatingMethodAccessorImpl.java:43)\r\n\tat java.lang.reflect.Method.invoke(Method.java:498)\r\n\tat org.testng.internal.MethodInvocationHelper.invokeMethod(MethodInvocationHelper.java:85)\r\n\tat org.testng.internal.Invoker.invokeMethod(Invoker.java:639)\r\n\tat org.testng.internal.Invoker.invokeTestMethod(Invoker.java:816)\r\n\tat org.testng.internal.Invoker.invokeTestMethods(Invoker.java:1124)\r\n\tat org.testng.internal.TestMethodWorker.invokeTestMethods(TestMethodWorker.java:125)\r\n\tat org.testng.internal.TestMethodWorker.run(TestMethodWorker.java:108)\r\n\tat org.testng.TestRunner.privateRun(TestRunner.java:774)\r\n\tat org.testng.TestRunner.run(TestRunner.java:624)\r\n\tat org.testng.SuiteRunner.runTest(SuiteRunner.java:359)\r\n\tat org.testng.SuiteRunner.runSequentially(SuiteRunner.java:354)\r\n\tat org.testng.SuiteRunner.privateRun(SuiteRunner.java:312)\r\n\tat org.testng.SuiteRunner.run(SuiteRunner.java:261)\r\n\tat org.testng.SuiteRunnerWorker.runSuite(SuiteRunnerWorker.java:52)\r\n\tat org.testng.SuiteRunnerWorker.run(SuiteRunnerWorker.java:86)\r\n\tat org.testng.TestNG.runSuitesSequentially(TestNG.java:1191)\r\n\tat org.testng.TestNG.runSuitesLocally(TestNG.java:1116)\r\n\tat org.testng.TestNG.run(TestNG.java:1024)\r\n\tat com.intellij.rt.testng.IDEARemoteTestNG.run(IDEARemoteTestNG.java:66)\r\n\tat com.intellij.rt.testng.RemoteTestNGStarter.main(RemoteTestNGStarter.java:109)\r\n"},"stage":"finished","description":"Отображается название у фильма","steps":[{"name":"Отображается блок – «Билеты в кино»","status":"broken","statusDetails":{"known":false,"muted":false,"flaky":false,"message":"No webdriver is bound to current thread: 1. You need to call open(url) first.","trace":"java.lang.IllegalStateException: No webdriver is bound to current thread: 1. You need to call open(url) first.\r\n\tat com.codeborne.selenide.impl.WebDriverThreadLocalContainer.getWebDriver(WebDriverThreadLocalContainer.java:138)\r\n\tat com.codeborne.selenide.WebDriverRunner.getWebDriver(WebDriverRunner.java:112)\r\n\tat com.codeborne.selenide.impl.StaticDriver.getWebDriver(StaticDriver.java:51)\r\n\tat com.codeborne.selenide.impl.WebElementSelector.findElement(WebElementSelector.java:40)\r\n\tat com.codeborne.selenide.impl.WebElementSelector.findElement(WebElementSelector.java:33)\r\n\tat com.codeborne.selenide.impl.ElementFinder.getWebElement(ElementFinder.java:102)\r\n\tat com.codeborne.selenide.impl.SelenideElementProxy.dispatchAndRetry(SelenideElementProxy.java:132)\r\n\tat com.codeborne.selenide.impl.SelenideElementProxy.invoke(SelenideElementProxy.java:81)\r\n\tat com.sun.proxy.$Proxy8.getSize(Unknown Source)\r\n\tat PageObject.PopularPage.getSize(PopularPage.java:69)\r\n\tat org.example.Popular.test4(Popular.java:34)\r\n\tat sun.reflect.NativeMethodAccessorImpl.invoke0(Native Method)\r\n\tat sun.reflect.NativeMethodAccessorImpl.invoke(NativeMethodAccessorImpl.java:62)\r\n\tat sun.reflect.DelegatingMethodAccessorImpl.invoke(DelegatingMethodAccessorImpl.java:43)\r\n\tat java.lang.reflect.Method.invoke(Method.java:498)\r\n\tat org.testng.internal.MethodInvocationHelper.invokeMethod(MethodInvocationHelper.java:85)\r\n\tat org.testng.internal.Invoker.invokeMethod(Invoker.java:639)\r\n\tat org.testng.internal.Invoker.invokeTestMethod(Invoker.java:816)\r\n\tat org.testng.internal.Invoker.invokeTestMethods(Invoker.java:1124)\r\n\tat org.testng.internal.TestMethodWorker.invokeTestMethods(TestMethodWorker.java:125)\r\n\tat org.testng.internal.TestMethodWorker.run(TestMethodWorker.java:108)\r\n\tat org.testng.TestRunner.privateRun(TestRunner.java:774)\r\n\tat org.testng.TestRunner.run(TestRunner.java:624)\r\n\tat org.testng.SuiteRunner.runTest(SuiteRunner.java:359)\r\n\tat org.testng.SuiteRunner.runSequentially(SuiteRunner.java:354)\r\n\tat org.testng.SuiteRunner.privateRun(SuiteRunner.java:312)\r\n\tat org.testng.SuiteRunner.run(SuiteRunner.java:261)\r\n\tat org.testng.SuiteRunnerWorker.runSuite(SuiteRunnerWorker.java:52)\r\n\tat org.testng.SuiteRunnerWorker.run(SuiteRunnerWorker.java:86)\r\n\tat org.testng.TestNG.runSuitesSequentially(TestNG.java:1191)\r\n\tat org.testng.TestNG.runSuitesLocally(TestNG.java:1116)\r\n\tat org.testng.TestNG.run(TestNG.java:1024)\r\n\tat com.intellij.rt.testng.IDEARemoteTestNG.run(IDEARemoteTestNG.java:66)\r\n\tat com.intellij.rt.testng.RemoteTestNGStarter.main(RemoteTestNGStarter.java:109)\r\n"},"stage":"finished","steps":[],"attachments":[],"parameters":[],"start":1656509398080,"stop":1656509398080}],"attachments":[],"parameters":[],"start":1656509398079,"stop":1656509398081}